\BOOKMARK [0][-]{chapter.1}{\376\377\004\022\004\062\004\065\004\064\004\065\004\075\004\070\004\065}{}% 1
\BOOKMARK [1][-]{section.1.1}{\376\377\004\022\004\101\004\102\004\103\004\077\004\073\004\065\004\075\004\070\004\065}{chapter.1}% 2
\BOOKMARK [1][-]{section.1.2}{\376\377\004\042\004\065\004\100\004\074\004\070\004\075\004\113\000\040\004\070\000\040\004\076\004\077\004\100\004\065\004\064\004\065\004\073\004\065\004\075\004\070\004\117}{chapter.1}% 3
\BOOKMARK [1][-]{section.1.3}{\376\377\004\037\004\065\004\100\004\065\004\107\004\065\004\075\004\114\000\040\004\101\004\076\004\072\004\100\004\060\004\111\004\065\004\075\004\070\004\071\000\040\004\070\000\040\004\076\004\061\004\076\004\067\004\075\004\060\004\107\004\065\004\075\004\070\004\071}{chapter.1}% 4
\BOOKMARK [0][-]{chapter.2}{\376\377\004\037\004\076\004\101\004\102\004\060\004\075\004\076\004\062\004\072\004\060\000\040\004\067\004\060\004\064\004\060\004\107\004\070}{}% 5
\BOOKMARK [0][-]{chapter.3}{\376\377\004\036\004\061\004\067\004\076\004\100\000\040\004\101\004\103\004\111\004\065\004\101\004\102\004\062\004\103\004\116\004\111\004\070\004\105\000\040\004\100\004\065\004\110\004\065\004\075\004\070\004\071}{}% 6
\BOOKMARK [1][-]{section.3.1}{\376\377\004\036\004\102\004\072\004\100\004\113\004\102\004\076\004\065\000\040\004\077\004\100\004\076\004\063\004\100\004\060\004\074\004\074\004\075\004\076\004\065\000\040\004\076\004\061\004\065\004\101\004\077\004\065\004\107\004\065\004\075\004\070\004\117\000\040\004\064\004\073\004\117\000\040\004\100\004\060\004\061\004\076\004\102\004\113\000\040\004\101\000\040\004\040\004\033\004\030\000\040\004\103\004\100\004\076\004\062\004\075\004\117\000\040\000S\000L\000C}{chapter.3}% 7
\BOOKMARK [2][-]{subsection.3.1.1}{\376\377\000S\000N\000A\000P}{section.3.1}% 8
\BOOKMARK [2][-]{subsection.3.1.2}{\376\377\000S\000A\000R\000s\000c\000a\000p\000e}{section.3.1}% 9
\BOOKMARK [2][-]{subsection.3.1.3}{\376\377\000G\000M\000T\000S\000A\000R}{section.3.1}% 10
\BOOKMARK [2][-]{subsection.3.1.4}{\376\377\000S\000A\000R\000P\000R\000O\000Z}{section.3.1}% 11
\BOOKMARK [2][-]{subsection.3.1.5}{\376\377\000S\000t\000a\000M\000P\000S\000/\000M\000T\000I}{section.3.1}% 12
\BOOKMARK [1][-]{section.3.2}{\376\377\004\022\004\113\004\062\004\076\004\064\004\113}{chapter.3}% 13
\BOOKMARK [0][-]{chapter.4}{\376\377\004\030\004\101\004\101\004\073\004\065\004\064\004\076\004\062\004\060\004\075\004\070\004\065\000\040\004\070\000\040\004\077\004\076\004\101\004\102\004\100\004\076\004\065\004\075\004\070\004\065\000\040\004\100\004\065\004\110\004\065\004\075\004\070\004\117\000\040\004\067\004\060\004\064\004\060\004\107\004\070}{}% 14
\BOOKMARK [1][-]{section.4.1}{\376\377\004\037\004\076\004\072\004\060\004\067\004\060\004\102\004\065\004\073\004\070\000\040\004\072\004\060\004\107\004\065\004\101\004\102\004\062\004\060\000\040\004\040\004\033\004\030}{chapter.4}% 15
\BOOKMARK [1][-]{section.4.2}{\376\377\004\034\004\076\004\064\004\065\004\073\004\114\000\040\004\104\004\076\004\100\004\074\004\070\004\100\004\076\004\062\004\060\004\075\004\070\004\117\000\040\004\077\004\101\004\065\004\062\004\064\004\076\004\102\004\076\004\107\004\065\004\107\004\075\004\113\004\105\000\040\004\106\004\065\004\073\004\065\004\071}{chapter.4}% 16
\BOOKMARK [1][-]{section.4.3}{\376\377\004\020\004\073\004\063\004\076\004\100\004\070\004\102\004\074\000\040\004\077\004\076\004\070\004\101\004\072\004\060\000\040\004\077\004\101\004\065\004\062\004\064\004\076\004\102\004\076\004\107\004\065\004\107\004\075\004\113\004\105\000\040\004\106\004\065\004\073\004\065\004\071\000\040\004\075\004\060\000\040\004\040\004\033\004\030}{chapter.4}% 17
\BOOKMARK [2][-]{subsection.4.3.1}{\376\377\004\022\004\113\004\064\004\065\004\073\004\065\004\075\004\070\004\065\000\040\004\070\004\075\004\104\004\076\004\100\004\074\004\060\004\102\004\070\004\062\004\075\004\113\004\105\000\040\004\103\004\107\004\060\004\101\004\102\004\072\004\076\004\062\000\040\004\070\004\067\004\076\004\061\004\100\004\060\004\066\004\065\004\075\004\070\004\117}{section.4.3}% 18
\BOOKMARK [2][-]{subsection.4.3.2}{\376\377\004\041\004\062\004\121\004\100\004\102\004\076\004\107\004\075\004\060\004\117\000\040\004\074\004\060\004\102\004\100\004\070\004\106\004\060\000\040\004\075\004\060\000\040\004\076\004\101\004\075\004\076\004\062\004\065\000\040\004\060\004\062\004\102\004\076\004\072\004\076\004\100\004\100\004\065\004\073\004\117\004\106\004\070\004\076\004\075\004\075\004\076\004\071\000\040\004\104\004\103\004\075\004\072\004\106\004\070\004\070\000\040\004\070\004\067\004\076\004\061\004\100\004\060\004\066\004\065\004\075\004\070\004\117}{section.4.3}% 19
\BOOKMARK [2][-]{subsection.4.3.3}{\376\377\004\020\004\073\004\063\004\076\004\100\004\070\004\102\004\074\000\040\004\077\004\076\004\070\004\101\004\072\004\060\000\040\004\077\004\101\004\065\004\062\004\064\004\076\004\102\004\076\004\107\004\065\004\107\004\075\004\113\004\105\000\040\004\106\004\065\004\073\004\065\004\071}{section.4.3}% 20
\BOOKMARK [1][-]{section.4.4}{\376\377\004\020\004\073\004\063\004\076\004\100\004\070\004\102\004\074\000\040\004\060\004\075\004\060\004\073\004\070\004\067\004\060\000\040\004\076\004\102\004\072\004\073\004\070\004\072\004\060\000\040\004\076\004\102\000\040\004\077\004\101\004\065\004\062\004\064\004\076\004\102\004\076\004\107\004\065\004\107\004\075\004\113\004\105\000\040\004\106\004\065\004\073\004\065\004\071}{chapter.4}% 21
\BOOKMARK [1][-]{section.4.5}{\376\377\004\020\004\073\004\063\004\076\004\100\004\070\004\102\004\074\000\040\004\060\004\062\004\102\004\076\004\074\004\060\004\102\004\070\004\107\004\065\004\101\004\072\004\076\004\063\004\076\000\040\004\077\004\076\004\070\004\101\004\072\004\060\000\040\004\070\000\040\004\060\004\075\004\060\004\073\004\070\004\067\004\060\000\040\004\077\004\101\004\065\004\062\004\064\004\076\004\102\004\076\004\107\004\065\004\107\004\075\004\113\004\105\000\040\004\106\004\065\004\073\004\065\004\071}{chapter.4}% 22
\BOOKMARK [0][-]{chapter.5}{\376\377\004\036\004\077\004\070\004\101\004\060\004\075\004\070\004\065\000\040\004\077\004\100\004\060\004\072\004\102\004\070\004\107\004\065\004\101\004\072\004\076\004\071\000\040\004\107\004\060\004\101\004\102\004\070}{}% 23
\BOOKMARK [1][-]{section.5.1}{\376\377\004\032\004\060\004\073\004\070\004\061\004\100\004\076\004\062\004\072\004\060\000\040\004\060\004\073\004\063\004\076\004\100\004\070\004\102\004\074\004\060}{chapter.5}% 24
\BOOKMARK [1][-]{section.5.2}{\376\377\004\022\004\065\004\100\004\070\004\104\004\070\004\072\004\060\004\106\004\070\004\117\000\040\004\060\004\073\004\063\004\076\004\100\004\070\004\102\004\074\004\060}{chapter.5}% 25
\BOOKMARK [1][-]{section.5.3}{\376\377\004\022\004\060\004\073\004\070\004\064\004\060\004\106\004\070\004\117\000\040\004\060\004\073\004\063\004\076\004\100\004\070\004\102\004\074\004\060}{chapter.5}% 26
\BOOKMARK [0][-]{chapter.6}{\376\377\004\027\004\060\004\072\004\073\004\116\004\107\004\065\004\075\004\070\004\065}{}% 27
